The target system is: Generic -  - 
The host system is: Linux - 5.4.0-42-generic - x86_64
Compiling the C compiler identification source file "CMakeCCompilerId.c" succeeded.
Compiler: /home/ame/git_projects/automatic-farm/tools/avr8-gnu-toolchain-linux_x86_64/bin/avr-gcc 
Build flags: 
Id flags:  

The output was:
0


Compilation of the C compiler identification source "CMakeCCompilerId.c" produced "a.out"

The C compiler identification is GNU, found in "/home/ame/cleanProject/automatic-farm/software/buildDir/CMakeFiles/3.10.2/CompilerIdC/a.out"

Compiling the CXX compiler identification source file "CMakeCXXCompilerId.cpp" succeeded.
Compiler: /home/ame/git_projects/automatic-farm/tools/avr8-gnu-toolchain-linux_x86_64/bin/avr-g++ 
Build flags: 
Id flags:  

The output was:
0


Compilation of the CXX compiler identification source "CMakeCXXCompilerId.cpp" produced "a.out"

The CXX compiler identification is GNU, found in "/home/ame/cleanProject/automatic-farm/software/buildDir/CMakeFiles/3.10.2/CompilerIdCXX/a.out"

Determining if the C compiler works passed with the following output:
Change Dir: /home/ame/cleanProject/automatic-farm/software/buildDir/CMakeFiles/CMakeTmp

Run Build Command:"/usr/bin/make" "cmTC_b86a1/fast"
/usr/bin/make -f CMakeFiles/cmTC_b86a1.dir/build.make CMakeFiles/cmTC_b86a1.dir/build
make[1]: Entering directory '/home/ame/cleanProject/automatic-farm/software/buildDir/CMakeFiles/CMakeTmp'
Building C object CMakeFiles/cmTC_b86a1.dir/testCCompiler.c.obj
/home/ame/git_projects/automatic-farm/tools/avr8-gnu-toolchain-linux_x86_64/bin/avr-gcc   -O3 -DNDEBUG   -o CMakeFiles/cmTC_b86a1.dir/testCCompiler.c.obj   -c /home/ame/cleanProject/automatic-farm/software/buildDir/CMakeFiles/CMakeTmp/testCCompiler.c
Linking C executable cmTC_b86a1
/usr/bin/cmake -E cmake_link_script CMakeFiles/cmTC_b86a1.dir/link.txt --verbose=1
/home/ame/git_projects/automatic-farm/tools/avr8-gnu-toolchain-linux_x86_64/bin/avr-gcc   -O3 -DNDEBUG    CMakeFiles/cmTC_b86a1.dir/testCCompiler.c.obj  -o cmTC_b86a1 
make[1]: Leaving directory '/home/ame/cleanProject/automatic-farm/software/buildDir/CMakeFiles/CMakeTmp'


Detecting C compiler ABI info compiled with the following output:
Change Dir: /home/ame/cleanProject/automatic-farm/software/buildDir/CMakeFiles/CMakeTmp

Run Build Command:"/usr/bin/make" "cmTC_afee9/fast"
/usr/bin/make -f CMakeFiles/cmTC_afee9.dir/build.make CMakeFiles/cmTC_afee9.dir/build
make[1]: Entering directory '/home/ame/cleanProject/automatic-farm/software/buildDir/CMakeFiles/CMakeTmp'
Building C object CMakeFiles/cmTC_afee9.dir/CMakeCCompilerABI.c.obj
/home/ame/git_projects/automatic-farm/tools/avr8-gnu-toolchain-linux_x86_64/bin/avr-gcc   -O3 -DNDEBUG   -o CMakeFiles/cmTC_afee9.dir/CMakeCCompilerABI.c.obj   -c /usr/share/cmake-3.10/Modules/CMakeCCompilerABI.c
Linking C executable cmTC_afee9
/usr/bin/cmake -E cmake_link_script CMakeFiles/cmTC_afee9.dir/link.txt --verbose=1
/home/ame/git_projects/automatic-farm/tools/avr8-gnu-toolchain-linux_x86_64/bin/avr-gcc   -O3 -DNDEBUG   -v CMakeFiles/cmTC_afee9.dir/CMakeCCompilerABI.c.obj  -o cmTC_afee9 
Using built-in specs.
Reading specs from /home/ame/git_projects/automatic-farm/tools/avr8-gnu-toolchain-linux_x86_64/bin/../lib/gcc/avr/5.4.0/device-specs/specs-avr2
COLLECT_GCC=/home/ame/git_projects/automatic-farm/tools/avr8-gnu-toolchain-linux_x86_64/bin/avr-gcc
COLLECT_LTO_WRAPPER=/home/ame/git_projects/automatic-farm/tools/avr8-gnu-toolchain-linux_x86_64/bin/../libexec/gcc/avr/5.4.0/lto-wrapper
Target: avr
Configured with: /home/toolsbuild/workspace/avr8-gnu-toolchain/src/gcc/configure LDFLAGS=-L/home/toolsbuild/workspace/avr8-gnu-toolchain/avr8-gnu-toolchain-linux_x86_64-hostlibs/lib CPPFLAGS= --target=avr --host=x86_64-pc-linux-gnu --build=x86_64-pc-linux-gnu --prefix=/home/toolsbuild/workspace/avr8-gnu-toolchain/avr8-gnu-toolchain-linux_x86_64 --libdir=/home/toolsbuild/workspace/avr8-gnu-toolchain/avr8-gnu-toolchain-linux_x86_64/lib --enable-languages=c,c++ --with-dwarf2 --enable-doc --disable-shared --disable-libada --disable-libssp --disable-nls --with-avrlibc=yes --with-mpfr=/home/toolsbuild/workspace/avr8-gnu-toolchain/avr8-gnu-toolchain-linux_x86_64-hostlibs --with-gmp=/home/toolsbuild/workspace/avr8-gnu-toolchain/avr8-gnu-toolchain-linux_x86_64-hostlibs --with-mpc=/home/toolsbuild/workspace/avr8-gnu-toolchain/avr8-gnu-toolchain-linux_x86_64-hostlibs --with-pkgversion=AVR_8_bit_GNU_Toolchain_3.6.2_1759 --with-bugurl=http://www.atmel.com
Thread model: single
gcc version 5.4.0 (AVR_8_bit_GNU_Toolchain_3.6.2_1759) 
COMPILER_PATH=/home/ame/git_projects/automatic-farm/tools/avr8-gnu-toolchain-linux_x86_64/bin/../libexec/gcc/avr/5.4.0/:/home/ame/git_projects/automatic-farm/tools/avr8-gnu-toolchain-linux_x86_64/bin/../libexec/gcc/:/home/ame/git_projects/automatic-farm/tools/avr8-gnu-toolchain-linux_x86_64/bin/../lib/gcc/avr/5.4.0/../../../../avr/bin/
LIBRARY_PATH=/home/ame/git_projects/automatic-farm/tools/avr8-gnu-toolchain-linux_x86_64/bin/../lib/gcc/avr/5.4.0/:/home/ame/git_projects/automatic-farm/tools/avr8-gnu-toolchain-linux_x86_64/bin/../lib/gcc/:/home/ame/git_projects/automatic-farm/tools/avr8-gnu-toolchain-linux_x86_64/bin/../lib/gcc/avr/5.4.0/../../../../avr/lib/
COLLECT_GCC_OPTIONS='-O3' '-D' 'NDEBUG' '-v' '-o' 'cmTC_afee9' '-specs=device-specs/specs-avr2'
 /home/ame/git_projects/automatic-farm/tools/avr8-gnu-toolchain-linux_x86_64/bin/../libexec/gcc/avr/5.4.0/collect2 -plugin /home/ame/git_projects/automatic-farm/tools/avr8-gnu-toolchain-linux_x86_64/bin/../libexec/gcc/avr/5.4.0/liblto_plugin.so -plugin-opt=/home/ame/git_projects/automatic-farm/tools/avr8-gnu-toolchain-linux_x86_64/bin/../libexec/gcc/avr/5.4.0/lto-wrapper -plugin-opt=-fresolution=/tmp/ccetEbtw.res -plugin-opt=-pass-through=-lgcc -plugin-opt=-pass-through=-lm -plugin-opt=-pass-through=-lc --pmem-wrap-around=8k -o cmTC_afee9 -L/home/ame/git_projects/automatic-farm/tools/avr8-gnu-toolchain-linux_x86_64/bin/../lib/gcc/avr/5.4.0 -L/home/ame/git_projects/automatic-farm/tools/avr8-gnu-toolchain-linux_x86_64/bin/../lib/gcc -L/home/ame/git_projects/automatic-farm/tools/avr8-gnu-toolchain-linux_x86_64/bin/../lib/gcc/avr/5.4.0/../../../../avr/lib CMakeFiles/cmTC_afee9.dir/CMakeCCompilerABI.c.obj --start-group -lgcc -lm -lc --end-group
make[1]: Leaving directory '/home/ame/cleanProject/automatic-farm/software/buildDir/CMakeFiles/CMakeTmp'


Parsed C implicit link information from above output:
  link line regex: [^( *|.*[/\])(avr-ld|CMAKE_LINK_STARTFILE-NOTFOUND|([^/\]+-)?ld|collect2)[^/\]*( |$)]
  ignore line: [Change Dir: /home/ame/cleanProject/automatic-farm/software/buildDir/CMakeFiles/CMakeTmp]
  ignore line: []
  ignore line: [Run Build Command:"/usr/bin/make" "cmTC_afee9/fast"]
  ignore line: [/usr/bin/make -f CMakeFiles/cmTC_afee9.dir/build.make CMakeFiles/cmTC_afee9.dir/build]
  ignore line: [make[1]: Entering directory '/home/ame/cleanProject/automatic-farm/software/buildDir/CMakeFiles/CMakeTmp']
  ignore line: [Building C object CMakeFiles/cmTC_afee9.dir/CMakeCCompilerABI.c.obj]
  ignore line: [/home/ame/git_projects/automatic-farm/tools/avr8-gnu-toolchain-linux_x86_64/bin/avr-gcc   -O3 -DNDEBUG   -o CMakeFiles/cmTC_afee9.dir/CMakeCCompilerABI.c.obj   -c /usr/share/cmake-3.10/Modules/CMakeCCompilerABI.c]
  ignore line: [Linking C executable cmTC_afee9]
  ignore line: [/usr/bin/cmake -E cmake_link_script CMakeFiles/cmTC_afee9.dir/link.txt --verbose=1]
  ignore line: [/home/ame/git_projects/automatic-farm/tools/avr8-gnu-toolchain-linux_x86_64/bin/avr-gcc   -O3 -DNDEBUG   -v CMakeFiles/cmTC_afee9.dir/CMakeCCompilerABI.c.obj  -o cmTC_afee9 ]
  ignore line: [Using built-in specs.]
  ignore line: [Reading specs from /home/ame/git_projects/automatic-farm/tools/avr8-gnu-toolchain-linux_x86_64/bin/../lib/gcc/avr/5.4.0/device-specs/specs-avr2]
  ignore line: [COLLECT_GCC=/home/ame/git_projects/automatic-farm/tools/avr8-gnu-toolchain-linux_x86_64/bin/avr-gcc]
  ignore line: [COLLECT_LTO_WRAPPER=/home/ame/git_projects/automatic-farm/tools/avr8-gnu-toolchain-linux_x86_64/bin/../libexec/gcc/avr/5.4.0/lto-wrapper]
  ignore line: [Target: avr]
  ignore line: [Configured with: /home/toolsbuild/workspace/avr8-gnu-toolchain/src/gcc/configure LDFLAGS=-L/home/toolsbuild/workspace/avr8-gnu-toolchain/avr8-gnu-toolchain-linux_x86_64-hostlibs/lib CPPFLAGS= --target=avr --host=x86_64-pc-linux-gnu --build=x86_64-pc-linux-gnu --prefix=/home/toolsbuild/workspace/avr8-gnu-toolchain/avr8-gnu-toolchain-linux_x86_64 --libdir=/home/toolsbuild/workspace/avr8-gnu-toolchain/avr8-gnu-toolchain-linux_x86_64/lib --enable-languages=c,c++ --with-dwarf2 --enable-doc --disable-shared --disable-libada --disable-libssp --disable-nls --with-avrlibc=yes --with-mpfr=/home/toolsbuild/workspace/avr8-gnu-toolchain/avr8-gnu-toolchain-linux_x86_64-hostlibs --with-gmp=/home/toolsbuild/workspace/avr8-gnu-toolchain/avr8-gnu-toolchain-linux_x86_64-hostlibs --with-mpc=/home/toolsbuild/workspace/avr8-gnu-toolchain/avr8-gnu-toolchain-linux_x86_64-hostlibs --with-pkgversion=AVR_8_bit_GNU_Toolchain_3.6.2_1759 --with-bugurl=http://www.atmel.com]
  ignore line: [Thread model: single]
  ignore line: [gcc version 5.4.0 (AVR_8_bit_GNU_Toolchain_3.6.2_1759) ]
  ignore line: [COMPILER_PATH=/home/ame/git_projects/automatic-farm/tools/avr8-gnu-toolchain-linux_x86_64/bin/../libexec/gcc/avr/5.4.0/:/home/ame/git_projects/automatic-farm/tools/avr8-gnu-toolchain-linux_x86_64/bin/../libexec/gcc/:/home/ame/git_projects/automatic-farm/tools/avr8-gnu-toolchain-linux_x86_64/bin/../lib/gcc/avr/5.4.0/../../../../avr/bin/]
  ignore line: [LIBRARY_PATH=/home/ame/git_projects/automatic-farm/tools/avr8-gnu-toolchain-linux_x86_64/bin/../lib/gcc/avr/5.4.0/:/home/ame/git_projects/automatic-farm/tools/avr8-gnu-toolchain-linux_x86_64/bin/../lib/gcc/:/home/ame/git_projects/automatic-farm/tools/avr8-gnu-toolchain-linux_x86_64/bin/../lib/gcc/avr/5.4.0/../../../../avr/lib/]
  ignore line: [COLLECT_GCC_OPTIONS='-O3' '-D' 'NDEBUG' '-v' '-o' 'cmTC_afee9' '-specs=device-specs/specs-avr2']
  link line: [ /home/ame/git_projects/automatic-farm/tools/avr8-gnu-toolchain-linux_x86_64/bin/../libexec/gcc/avr/5.4.0/collect2 -plugin /home/ame/git_projects/automatic-farm/tools/avr8-gnu-toolchain-linux_x86_64/bin/../libexec/gcc/avr/5.4.0/liblto_plugin.so -plugin-opt=/home/ame/git_projects/automatic-farm/tools/avr8-gnu-toolchain-linux_x86_64/bin/../libexec/gcc/avr/5.4.0/lto-wrapper -plugin-opt=-fresolution=/tmp/ccetEbtw.res -plugin-opt=-pass-through=-lgcc -plugin-opt=-pass-through=-lm -plugin-opt=-pass-through=-lc --pmem-wrap-around=8k -o cmTC_afee9 -L/home/ame/git_projects/automatic-farm/tools/avr8-gnu-toolchain-linux_x86_64/bin/../lib/gcc/avr/5.4.0 -L/home/ame/git_projects/automatic-farm/tools/avr8-gnu-toolchain-linux_x86_64/bin/../lib/gcc -L/home/ame/git_projects/automatic-farm/tools/avr8-gnu-toolchain-linux_x86_64/bin/../lib/gcc/avr/5.4.0/../../../../avr/lib CMakeFiles/cmTC_afee9.dir/CMakeCCompilerABI.c.obj --start-group -lgcc -lm -lc --end-group]
    arg [/home/ame/git_projects/automatic-farm/tools/avr8-gnu-toolchain-linux_x86_64/bin/../libexec/gcc/avr/5.4.0/collect2] ==> ignore
    arg [-plugin] ==> ignore
    arg [/home/ame/git_projects/automatic-farm/tools/avr8-gnu-toolchain-linux_x86_64/bin/../libexec/gcc/avr/5.4.0/liblto_plugin.so] ==> ignore
    arg [-plugin-opt=/home/ame/git_projects/automatic-farm/tools/avr8-gnu-toolchain-linux_x86_64/bin/../libexec/gcc/avr/5.4.0/lto-wrapper] ==> ignore
    arg [-plugin-opt=-fresolution=/tmp/ccetEbtw.res] ==> ignore
    arg [-plugin-opt=-pass-through=-lgcc] ==> ignore
    arg [-plugin-opt=-pass-through=-lm] ==> ignore
    arg [-plugin-opt=-pass-through=-lc] ==> ignore
    arg [--pmem-wrap-around=8k] ==> ignore
    arg [-o] ==> ignore
    arg [cmTC_afee9] ==> ignore
    arg [-L/home/ame/git_projects/automatic-farm/tools/avr8-gnu-toolchain-linux_x86_64/bin/../lib/gcc/avr/5.4.0] ==> dir [/home/ame/git_projects/automatic-farm/tools/avr8-gnu-toolchain-linux_x86_64/bin/../lib/gcc/avr/5.4.0]
    arg [-L/home/ame/git_projects/automatic-farm/tools/avr8-gnu-toolchain-linux_x86_64/bin/../lib/gcc] ==> dir [/home/ame/git_projects/automatic-farm/tools/avr8-gnu-toolchain-linux_x86_64/bin/../lib/gcc]
    arg [-L/home/ame/git_projects/automatic-farm/tools/avr8-gnu-toolchain-linux_x86_64/bin/../lib/gcc/avr/5.4.0/../../../../avr/lib] ==> dir [/home/ame/git_projects/automatic-farm/tools/avr8-gnu-toolchain-linux_x86_64/bin/../lib/gcc/avr/5.4.0/../../../../avr/lib]
    arg [CMakeFiles/cmTC_afee9.dir/CMakeCCompilerABI.c.obj] ==> ignore
    arg [--start-group] ==> ignore
    arg [-lgcc] ==> lib [gcc]
    arg [-lm] ==> lib [m]
    arg [-lc] ==> lib [c]
    arg [--end-group] ==> ignore
  collapse library dir [/home/ame/git_projects/automatic-farm/tools/avr8-gnu-toolchain-linux_x86_64/bin/../lib/gcc/avr/5.4.0] ==> [/home/ame/git_projects/automatic-farm/tools/avr8-gnu-toolchain-linux_x86_64/lib/gcc/avr/5.4.0]
  collapse library dir [/home/ame/git_projects/automatic-farm/tools/avr8-gnu-toolchain-linux_x86_64/bin/../lib/gcc] ==> [/home/ame/git_projects/automatic-farm/tools/avr8-gnu-toolchain-linux_x86_64/lib/gcc]
  collapse library dir [/home/ame/git_projects/automatic-farm/tools/avr8-gnu-toolchain-linux_x86_64/bin/../lib/gcc/avr/5.4.0/../../../../avr/lib] ==> [/home/ame/git_projects/automatic-farm/tools/avr8-gnu-toolchain-linux_x86_64/avr/lib]
  implicit libs: [gcc;m;c]
  implicit dirs: [/home/ame/git_projects/automatic-farm/tools/avr8-gnu-toolchain-linux_x86_64/lib/gcc/avr/5.4.0;/home/ame/git_projects/automatic-farm/tools/avr8-gnu-toolchain-linux_x86_64/lib/gcc;/home/ame/git_projects/automatic-farm/tools/avr8-gnu-toolchain-linux_x86_64/avr/lib]
  implicit fwks: []




Detecting C [-std=c11] compiler features compiled with the following output:
Change Dir: /home/ame/cleanProject/automatic-farm/software/buildDir/CMakeFiles/CMakeTmp

Run Build Command:"/usr/bin/make" "cmTC_663c1/fast"
/usr/bin/make -f CMakeFiles/cmTC_663c1.dir/build.make CMakeFiles/cmTC_663c1.dir/build
make[1]: Entering directory '/home/ame/cleanProject/automatic-farm/software/buildDir/CMakeFiles/CMakeTmp'
Building C object CMakeFiles/cmTC_663c1.dir/feature_tests.c.obj
/home/ame/git_projects/automatic-farm/tools/avr8-gnu-toolchain-linux_x86_64/bin/avr-gcc   -O3 -DNDEBUG   -std=c11 -o CMakeFiles/cmTC_663c1.dir/feature_tests.c.obj   -c /home/ame/cleanProject/automatic-farm/software/buildDir/CMakeFiles/feature_tests.c
Linking C executable cmTC_663c1
/usr/bin/cmake -E cmake_link_script CMakeFiles/cmTC_663c1.dir/link.txt --verbose=1
/home/ame/git_projects/automatic-farm/tools/avr8-gnu-toolchain-linux_x86_64/bin/avr-gcc   -O3 -DNDEBUG    CMakeFiles/cmTC_663c1.dir/feature_tests.c.obj  -o cmTC_663c1 
make[1]: Leaving directory '/home/ame/cleanProject/automatic-farm/software/buildDir/CMakeFiles/CMakeTmp'


    Feature record: C_FEATURE:1c_function_prototypes
    Feature record: C_FEATURE:1c_restrict
    Feature record: C_FEATURE:1c_static_assert
    Feature record: C_FEATURE:1c_variadic_macros


Detecting C [-std=c99] compiler features compiled with the following output:
Change Dir: /home/ame/cleanProject/automatic-farm/software/buildDir/CMakeFiles/CMakeTmp

Run Build Command:"/usr/bin/make" "cmTC_b2ea1/fast"
/usr/bin/make -f CMakeFiles/cmTC_b2ea1.dir/build.make CMakeFiles/cmTC_b2ea1.dir/build
make[1]: Entering directory '/home/ame/cleanProject/automatic-farm/software/buildDir/CMakeFiles/CMakeTmp'
Building C object CMakeFiles/cmTC_b2ea1.dir/feature_tests.c.obj
/home/ame/git_projects/automatic-farm/tools/avr8-gnu-toolchain-linux_x86_64/bin/avr-gcc   -O3 -DNDEBUG   -std=c99 -o CMakeFiles/cmTC_b2ea1.dir/feature_tests.c.obj   -c /home/ame/cleanProject/automatic-farm/software/buildDir/CMakeFiles/feature_tests.c
Linking C executable cmTC_b2ea1
/usr/bin/cmake -E cmake_link_script CMakeFiles/cmTC_b2ea1.dir/link.txt --verbose=1
/home/ame/git_projects/automatic-farm/tools/avr8-gnu-toolchain-linux_x86_64/bin/avr-gcc   -O3 -DNDEBUG    CMakeFiles/cmTC_b2ea1.dir/feature_tests.c.obj  -o cmTC_b2ea1 
make[1]: Leaving directory '/home/ame/cleanProject/automatic-farm/software/buildDir/CMakeFiles/CMakeTmp'


    Feature record: C_FEATURE:1c_function_prototypes
    Feature record: C_FEATURE:1c_restrict
    Feature record: C_FEATURE:0c_static_assert
    Feature record: C_FEATURE:1c_variadic_macros


Detecting C [-std=c90] compiler features compiled with the following output:
Change Dir: /home/ame/cleanProject/automatic-farm/software/buildDir/CMakeFiles/CMakeTmp

Run Build Command:"/usr/bin/make" "cmTC_80849/fast"
/usr/bin/make -f CMakeFiles/cmTC_80849.dir/build.make CMakeFiles/cmTC_80849.dir/build
make[1]: Entering directory '/home/ame/cleanProject/automatic-farm/software/buildDir/CMakeFiles/CMakeTmp'
Building C object CMakeFiles/cmTC_80849.dir/feature_tests.c.obj
/home/ame/git_projects/automatic-farm/tools/avr8-gnu-toolchain-linux_x86_64/bin/avr-gcc   -O3 -DNDEBUG   -std=c90 -o CMakeFiles/cmTC_80849.dir/feature_tests.c.obj   -c /home/ame/cleanProject/automatic-farm/software/buildDir/CMakeFiles/feature_tests.c
Linking C executable cmTC_80849
/usr/bin/cmake -E cmake_link_script CMakeFiles/cmTC_80849.dir/link.txt --verbose=1
/home/ame/git_projects/automatic-farm/tools/avr8-gnu-toolchain-linux_x86_64/bin/avr-gcc   -O3 -DNDEBUG    CMakeFiles/cmTC_80849.dir/feature_tests.c.obj  -o cmTC_80849 
make[1]: Leaving directory '/home/ame/cleanProject/automatic-farm/software/buildDir/CMakeFiles/CMakeTmp'


    Feature record: C_FEATURE:1c_function_prototypes
    Feature record: C_FEATURE:0c_restrict
    Feature record: C_FEATURE:0c_static_assert
    Feature record: C_FEATURE:0c_variadic_macros
Determining if the CXX compiler works passed with the following output:
Change Dir: /home/ame/cleanProject/automatic-farm/software/buildDir/CMakeFiles/CMakeTmp

Run Build Command:"/usr/bin/make" "cmTC_e06ee/fast"
/usr/bin/make -f CMakeFiles/cmTC_e06ee.dir/build.make CMakeFiles/cmTC_e06ee.dir/build
make[1]: Entering directory '/home/ame/cleanProject/automatic-farm/software/buildDir/CMakeFiles/CMakeTmp'
Building CXX object CMakeFiles/cmTC_e06ee.dir/testCXXCompiler.cxx.obj
/home/ame/git_projects/automatic-farm/tools/avr8-gnu-toolchain-linux_x86_64/bin/avr-g++    -O3 -DNDEBUG   -o CMakeFiles/cmTC_e06ee.dir/testCXXCompiler.cxx.obj -c /home/ame/cleanProject/automatic-farm/software/buildDir/CMakeFiles/CMakeTmp/testCXXCompiler.cxx
Linking CXX executable cmTC_e06ee
/usr/bin/cmake -E cmake_link_script CMakeFiles/cmTC_e06ee.dir/link.txt --verbose=1
/home/ame/git_projects/automatic-farm/tools/avr8-gnu-toolchain-linux_x86_64/bin/avr-g++    -O3 -DNDEBUG    CMakeFiles/cmTC_e06ee.dir/testCXXCompiler.cxx.obj  -o cmTC_e06ee 
make[1]: Leaving directory '/home/ame/cleanProject/automatic-farm/software/buildDir/CMakeFiles/CMakeTmp'


Detecting CXX compiler ABI info compiled with the following output:
Change Dir: /home/ame/cleanProject/automatic-farm/software/buildDir/CMakeFiles/CMakeTmp

Run Build Command:"/usr/bin/make" "cmTC_e9dd2/fast"
/usr/bin/make -f CMakeFiles/cmTC_e9dd2.dir/build.make CMakeFiles/cmTC_e9dd2.dir/build
make[1]: Entering directory '/home/ame/cleanProject/automatic-farm/software/buildDir/CMakeFiles/CMakeTmp'
Building CXX object CMakeFiles/cmTC_e9dd2.dir/CMakeCXXCompilerABI.cpp.obj
/home/ame/git_projects/automatic-farm/tools/avr8-gnu-toolchain-linux_x86_64/bin/avr-g++    -O3 -DNDEBUG   -o CMakeFiles/cmTC_e9dd2.dir/CMakeCXXCompilerABI.cpp.obj -c /usr/share/cmake-3.10/Modules/CMakeCXXCompilerABI.cpp
Linking CXX executable cmTC_e9dd2
/usr/bin/cmake -E cmake_link_script CMakeFiles/cmTC_e9dd2.dir/link.txt --verbose=1
/home/ame/git_projects/automatic-farm/tools/avr8-gnu-toolchain-linux_x86_64/bin/avr-g++    -O3 -DNDEBUG   -v CMakeFiles/cmTC_e9dd2.dir/CMakeCXXCompilerABI.cpp.obj  -o cmTC_e9dd2 
Using built-in specs.
Reading specs from /home/ame/git_projects/automatic-farm/tools/avr8-gnu-toolchain-linux_x86_64/bin/../lib/gcc/avr/5.4.0/device-specs/specs-avr2
COLLECT_GCC=/home/ame/git_projects/automatic-farm/tools/avr8-gnu-toolchain-linux_x86_64/bin/avr-g++
COLLECT_LTO_WRAPPER=/home/ame/git_projects/automatic-farm/tools/avr8-gnu-toolchain-linux_x86_64/bin/../libexec/gcc/avr/5.4.0/lto-wrapper
Target: avr
Configured with: /home/toolsbuild/workspace/avr8-gnu-toolchain/src/gcc/configure LDFLAGS=-L/home/toolsbuild/workspace/avr8-gnu-toolchain/avr8-gnu-toolchain-linux_x86_64-hostlibs/lib CPPFLAGS= --target=avr --host=x86_64-pc-linux-gnu --build=x86_64-pc-linux-gnu --prefix=/home/toolsbuild/workspace/avr8-gnu-toolchain/avr8-gnu-toolchain-linux_x86_64 --libdir=/home/toolsbuild/workspace/avr8-gnu-toolchain/avr8-gnu-toolchain-linux_x86_64/lib --enable-languages=c,c++ --with-dwarf2 --enable-doc --disable-shared --disable-libada --disable-libssp --disable-nls --with-avrlibc=yes --with-mpfr=/home/toolsbuild/workspace/avr8-gnu-toolchain/avr8-gnu-toolchain-linux_x86_64-hostlibs --with-gmp=/home/toolsbuild/workspace/avr8-gnu-toolchain/avr8-gnu-toolchain-linux_x86_64-hostlibs --with-mpc=/home/toolsbuild/workspace/avr8-gnu-toolchain/avr8-gnu-toolchain-linux_x86_64-hostlibs --with-pkgversion=AVR_8_bit_GNU_Toolchain_3.6.2_1759 --with-bugurl=http://www.atmel.com
Thread model: single
gcc version 5.4.0 (AVR_8_bit_GNU_Toolchain_3.6.2_1759) 
COMPILER_PATH=/home/ame/git_projects/automatic-farm/tools/avr8-gnu-toolchain-linux_x86_64/bin/../libexec/gcc/avr/5.4.0/:/home/ame/git_projects/automatic-farm/tools/avr8-gnu-toolchain-linux_x86_64/bin/../libexec/gcc/:/home/ame/git_projects/automatic-farm/tools/avr8-gnu-toolchain-linux_x86_64/bin/../lib/gcc/avr/5.4.0/../../../../avr/bin/
LIBRARY_PATH=/home/ame/git_projects/automatic-farm/tools/avr8-gnu-toolchain-linux_x86_64/bin/../lib/gcc/avr/5.4.0/:/home/ame/git_projects/automatic-farm/tools/avr8-gnu-toolchain-linux_x86_64/bin/../lib/gcc/:/home/ame/git_projects/automatic-farm/tools/avr8-gnu-toolchain-linux_x86_64/bin/../lib/gcc/avr/5.4.0/../../../../avr/lib/
COLLECT_GCC_OPTIONS='-O3' '-D' 'NDEBUG' '-v' '-o' 'cmTC_e9dd2' '-specs=device-specs/specs-avr2'
 /home/ame/git_projects/automatic-farm/tools/avr8-gnu-toolchain-linux_x86_64/bin/../libexec/gcc/avr/5.4.0/collect2 -plugin /home/ame/git_projects/automatic-farm/tools/avr8-gnu-toolchain-linux_x86_64/bin/../libexec/gcc/avr/5.4.0/liblto_plugin.so -plugin-opt=/home/ame/git_projects/automatic-farm/tools/avr8-gnu-toolchain-linux_x86_64/bin/../libexec/gcc/avr/5.4.0/lto-wrapper -plugin-opt=-fresolution=/tmp/ccWd3YmR.res -plugin-opt=-pass-through=-lgcc -plugin-opt=-pass-through=-lm -plugin-opt=-pass-through=-lc --pmem-wrap-around=8k -o cmTC_e9dd2 -L/home/ame/git_projects/automatic-farm/tools/avr8-gnu-toolchain-linux_x86_64/bin/../lib/gcc/avr/5.4.0 -L/home/ame/git_projects/automatic-farm/tools/avr8-gnu-toolchain-linux_x86_64/bin/../lib/gcc -L/home/ame/git_projects/automatic-farm/tools/avr8-gnu-toolchain-linux_x86_64/bin/../lib/gcc/avr/5.4.0/../../../../avr/lib CMakeFiles/cmTC_e9dd2.dir/CMakeCXXCompilerABI.cpp.obj -lgcc -lm --start-group -lgcc -lm -lc --end-group
make[1]: Leaving directory '/home/ame/cleanProject/automatic-farm/software/buildDir/CMakeFiles/CMakeTmp'


Parsed CXX implicit link information from above output:
  link line regex: [^( *|.*[/\])(avr-ld|CMAKE_LINK_STARTFILE-NOTFOUND|([^/\]+-)?ld|collect2)[^/\]*( |$)]
  ignore line: [Change Dir: /home/ame/cleanProject/automatic-farm/software/buildDir/CMakeFiles/CMakeTmp]
  ignore line: []
  ignore line: [Run Build Command:"/usr/bin/make" "cmTC_e9dd2/fast"]
  ignore line: [/usr/bin/make -f CMakeFiles/cmTC_e9dd2.dir/build.make CMakeFiles/cmTC_e9dd2.dir/build]
  ignore line: [make[1]: Entering directory '/home/ame/cleanProject/automatic-farm/software/buildDir/CMakeFiles/CMakeTmp']
  ignore line: [Building CXX object CMakeFiles/cmTC_e9dd2.dir/CMakeCXXCompilerABI.cpp.obj]
  ignore line: [/home/ame/git_projects/automatic-farm/tools/avr8-gnu-toolchain-linux_x86_64/bin/avr-g++    -O3 -DNDEBUG   -o CMakeFiles/cmTC_e9dd2.dir/CMakeCXXCompilerABI.cpp.obj -c /usr/share/cmake-3.10/Modules/CMakeCXXCompilerABI.cpp]
  ignore line: [Linking CXX executable cmTC_e9dd2]
  ignore line: [/usr/bin/cmake -E cmake_link_script CMakeFiles/cmTC_e9dd2.dir/link.txt --verbose=1]
  ignore line: [/home/ame/git_projects/automatic-farm/tools/avr8-gnu-toolchain-linux_x86_64/bin/avr-g++    -O3 -DNDEBUG   -v CMakeFiles/cmTC_e9dd2.dir/CMakeCXXCompilerABI.cpp.obj  -o cmTC_e9dd2 ]
  ignore line: [Using built-in specs.]
  ignore line: [Reading specs from /home/ame/git_projects/automatic-farm/tools/avr8-gnu-toolchain-linux_x86_64/bin/../lib/gcc/avr/5.4.0/device-specs/specs-avr2]
  ignore line: [COLLECT_GCC=/home/ame/git_projects/automatic-farm/tools/avr8-gnu-toolchain-linux_x86_64/bin/avr-g++]
  ignore line: [COLLECT_LTO_WRAPPER=/home/ame/git_projects/automatic-farm/tools/avr8-gnu-toolchain-linux_x86_64/bin/../libexec/gcc/avr/5.4.0/lto-wrapper]
  ignore line: [Target: avr]
  ignore line: [Configured with: /home/toolsbuild/workspace/avr8-gnu-toolchain/src/gcc/configure LDFLAGS=-L/home/toolsbuild/workspace/avr8-gnu-toolchain/avr8-gnu-toolchain-linux_x86_64-hostlibs/lib CPPFLAGS= --target=avr --host=x86_64-pc-linux-gnu --build=x86_64-pc-linux-gnu --prefix=/home/toolsbuild/workspace/avr8-gnu-toolchain/avr8-gnu-toolchain-linux_x86_64 --libdir=/home/toolsbuild/workspace/avr8-gnu-toolchain/avr8-gnu-toolchain-linux_x86_64/lib --enable-languages=c,c++ --with-dwarf2 --enable-doc --disable-shared --disable-libada --disable-libssp --disable-nls --with-avrlibc=yes --with-mpfr=/home/toolsbuild/workspace/avr8-gnu-toolchain/avr8-gnu-toolchain-linux_x86_64-hostlibs --with-gmp=/home/toolsbuild/workspace/avr8-gnu-toolchain/avr8-gnu-toolchain-linux_x86_64-hostlibs --with-mpc=/home/toolsbuild/workspace/avr8-gnu-toolchain/avr8-gnu-toolchain-linux_x86_64-hostlibs --with-pkgversion=AVR_8_bit_GNU_Toolchain_3.6.2_1759 --with-bugurl=http://www.atmel.com]
  ignore line: [Thread model: single]
  ignore line: [gcc version 5.4.0 (AVR_8_bit_GNU_Toolchain_3.6.2_1759) ]
  ignore line: [COMPILER_PATH=/home/ame/git_projects/automatic-farm/tools/avr8-gnu-toolchain-linux_x86_64/bin/../libexec/gcc/avr/5.4.0/:/home/ame/git_projects/automatic-farm/tools/avr8-gnu-toolchain-linux_x86_64/bin/../libexec/gcc/:/home/ame/git_projects/automatic-farm/tools/avr8-gnu-toolchain-linux_x86_64/bin/../lib/gcc/avr/5.4.0/../../../../avr/bin/]
  ignore line: [LIBRARY_PATH=/home/ame/git_projects/automatic-farm/tools/avr8-gnu-toolchain-linux_x86_64/bin/../lib/gcc/avr/5.4.0/:/home/ame/git_projects/automatic-farm/tools/avr8-gnu-toolchain-linux_x86_64/bin/../lib/gcc/:/home/ame/git_projects/automatic-farm/tools/avr8-gnu-toolchain-linux_x86_64/bin/../lib/gcc/avr/5.4.0/../../../../avr/lib/]
  ignore line: [COLLECT_GCC_OPTIONS='-O3' '-D' 'NDEBUG' '-v' '-o' 'cmTC_e9dd2' '-specs=device-specs/specs-avr2']
  link line: [ /home/ame/git_projects/automatic-farm/tools/avr8-gnu-toolchain-linux_x86_64/bin/../libexec/gcc/avr/5.4.0/collect2 -plugin /home/ame/git_projects/automatic-farm/tools/avr8-gnu-toolchain-linux_x86_64/bin/../libexec/gcc/avr/5.4.0/liblto_plugin.so -plugin-opt=/home/ame/git_projects/automatic-farm/tools/avr8-gnu-toolchain-linux_x86_64/bin/../libexec/gcc/avr/5.4.0/lto-wrapper -plugin-opt=-fresolution=/tmp/ccWd3YmR.res -plugin-opt=-pass-through=-lgcc -plugin-opt=-pass-through=-lm -plugin-opt=-pass-through=-lc --pmem-wrap-around=8k -o cmTC_e9dd2 -L/home/ame/git_projects/automatic-farm/tools/avr8-gnu-toolchain-linux_x86_64/bin/../lib/gcc/avr/5.4.0 -L/home/ame/git_projects/automatic-farm/tools/avr8-gnu-toolchain-linux_x86_64/bin/../lib/gcc -L/home/ame/git_projects/automatic-farm/tools/avr8-gnu-toolchain-linux_x86_64/bin/../lib/gcc/avr/5.4.0/../../../../avr/lib CMakeFiles/cmTC_e9dd2.dir/CMakeCXXCompilerABI.cpp.obj -lgcc -lm --start-group -lgcc -lm -lc --end-group]
    arg [/home/ame/git_projects/automatic-farm/tools/avr8-gnu-toolchain-linux_x86_64/bin/../libexec/gcc/avr/5.4.0/collect2] ==> ignore
    arg [-plugin] ==> ignore
    arg [/home/ame/git_projects/automatic-farm/tools/avr8-gnu-toolchain-linux_x86_64/bin/../libexec/gcc/avr/5.4.0/liblto_plugin.so] ==> ignore
    arg [-plugin-opt=/home/ame/git_projects/automatic-farm/tools/avr8-gnu-toolchain-linux_x86_64/bin/../libexec/gcc/avr/5.4.0/lto-wrapper] ==> ignore
    arg [-plugin-opt=-fresolution=/tmp/ccWd3YmR.res] ==> ignore
    arg [-plugin-opt=-pass-through=-lgcc] ==> ignore
    arg [-plugin-opt=-pass-through=-lm] ==> ignore
    arg [-plugin-opt=-pass-through=-lc] ==> ignore
    arg [--pmem-wrap-around=8k] ==> ignore
    arg [-o] ==> ignore
    arg [cmTC_e9dd2] ==> ignore
    arg [-L/home/ame/git_projects/automatic-farm/tools/avr8-gnu-toolchain-linux_x86_64/bin/../lib/gcc/avr/5.4.0] ==> dir [/home/ame/git_projects/automatic-farm/tools/avr8-gnu-toolchain-linux_x86_64/bin/../lib/gcc/avr/5.4.0]
    arg [-L/home/ame/git_projects/automatic-farm/tools/avr8-gnu-toolchain-linux_x86_64/bin/../lib/gcc] ==> dir [/home/ame/git_projects/automatic-farm/tools/avr8-gnu-toolchain-linux_x86_64/bin/../lib/gcc]
    arg [-L/home/ame/git_projects/automatic-farm/tools/avr8-gnu-toolchain-linux_x86_64/bin/../lib/gcc/avr/5.4.0/../../../../avr/lib] ==> dir [/home/ame/git_projects/automatic-farm/tools/avr8-gnu-toolchain-linux_x86_64/bin/../lib/gcc/avr/5.4.0/../../../../avr/lib]
    arg [CMakeFiles/cmTC_e9dd2.dir/CMakeCXXCompilerABI.cpp.obj] ==> ignore
    arg [-lgcc] ==> lib [gcc]
    arg [-lm] ==> lib [m]
    arg [--start-group] ==> ignore
    arg [-lgcc] ==> lib [gcc]
    arg [-lm] ==> lib [m]
    arg [-lc] ==> lib [c]
    arg [--end-group] ==> ignore
  collapse library dir [/home/ame/git_projects/automatic-farm/tools/avr8-gnu-toolchain-linux_x86_64/bin/../lib/gcc/avr/5.4.0] ==> [/home/ame/git_projects/automatic-farm/tools/avr8-gnu-toolchain-linux_x86_64/lib/gcc/avr/5.4.0]
  collapse library dir [/home/ame/git_projects/automatic-farm/tools/avr8-gnu-toolchain-linux_x86_64/bin/../lib/gcc] ==> [/home/ame/git_projects/automatic-farm/tools/avr8-gnu-toolchain-linux_x86_64/lib/gcc]
  collapse library dir [/home/ame/git_projects/automatic-farm/tools/avr8-gnu-toolchain-linux_x86_64/bin/../lib/gcc/avr/5.4.0/../../../../avr/lib] ==> [/home/ame/git_projects/automatic-farm/tools/avr8-gnu-toolchain-linux_x86_64/avr/lib]
  implicit libs: [gcc;m;gcc;m;c]
  implicit dirs: [/home/ame/git_projects/automatic-farm/tools/avr8-gnu-toolchain-linux_x86_64/lib/gcc/avr/5.4.0;/home/ame/git_projects/automatic-farm/tools/avr8-gnu-toolchain-linux_x86_64/lib/gcc;/home/ame/git_projects/automatic-farm/tools/avr8-gnu-toolchain-linux_x86_64/avr/lib]
  implicit fwks: []




Detecting CXX [-std=c++1z] compiler features compiled with the following output:
Change Dir: /home/ame/cleanProject/automatic-farm/software/buildDir/CMakeFiles/CMakeTmp

Run Build Command:"/usr/bin/make" "cmTC_2af19/fast"
/usr/bin/make -f CMakeFiles/cmTC_2af19.dir/build.make CMakeFiles/cmTC_2af19.dir/build
make[1]: Entering directory '/home/ame/cleanProject/automatic-farm/software/buildDir/CMakeFiles/CMakeTmp'
Building CXX object CMakeFiles/cmTC_2af19.dir/feature_tests.cxx.obj
/home/ame/git_projects/automatic-farm/tools/avr8-gnu-toolchain-linux_x86_64/bin/avr-g++    -O3 -DNDEBUG   -std=c++1z -o CMakeFiles/cmTC_2af19.dir/feature_tests.cxx.obj -c /home/ame/cleanProject/automatic-farm/software/buildDir/CMakeFiles/feature_tests.cxx
Linking CXX executable cmTC_2af19
/usr/bin/cmake -E cmake_link_script CMakeFiles/cmTC_2af19.dir/link.txt --verbose=1
/home/ame/git_projects/automatic-farm/tools/avr8-gnu-toolchain-linux_x86_64/bin/avr-g++    -O3 -DNDEBUG    CMakeFiles/cmTC_2af19.dir/feature_tests.cxx.obj  -o cmTC_2af19 
make[1]: Leaving directory '/home/ame/cleanProject/automatic-farm/software/buildDir/CMakeFiles/CMakeTmp'


    Feature record: CXX_FEATURE:1cxx_aggregate_default_initializers
    Feature record: CXX_FEATURE:1cxx_alias_templates
    Feature record: CXX_FEATURE:1cxx_alignas
    Feature record: CXX_FEATURE:1cxx_alignof
    Feature record: CXX_FEATURE:1cxx_attributes
    Feature record: CXX_FEATURE:1cxx_attribute_deprecated
    Feature record: CXX_FEATURE:1cxx_auto_type
    Feature record: CXX_FEATURE:1cxx_binary_literals
    Feature record: CXX_FEATURE:1cxx_constexpr
    Feature record: CXX_FEATURE:1cxx_contextual_conversions
    Feature record: CXX_FEATURE:1cxx_decltype
    Feature record: CXX_FEATURE:1cxx_decltype_auto
    Feature record: CXX_FEATURE:1cxx_decltype_incomplete_return_types
    Feature record: CXX_FEATURE:1cxx_default_function_template_args
    Feature record: CXX_FEATURE:1cxx_defaulted_functions
    Feature record: CXX_FEATURE:1cxx_defaulted_move_initializers
    Feature record: CXX_FEATURE:1cxx_delegating_constructors
    Feature record: CXX_FEATURE:1cxx_deleted_functions
    Feature record: CXX_FEATURE:1cxx_digit_separators
    Feature record: CXX_FEATURE:1cxx_enum_forward_declarations
    Feature record: CXX_FEATURE:1cxx_explicit_conversions
    Feature record: CXX_FEATURE:1cxx_extended_friend_declarations
    Feature record: CXX_FEATURE:1cxx_extern_templates
    Feature record: CXX_FEATURE:1cxx_final
    Feature record: CXX_FEATURE:1cxx_func_identifier
    Feature record: CXX_FEATURE:1cxx_generalized_initializers
    Feature record: CXX_FEATURE:1cxx_generic_lambdas
    Feature record: CXX_FEATURE:1cxx_inheriting_constructors
    Feature record: CXX_FEATURE:1cxx_inline_namespaces
    Feature record: CXX_FEATURE:1cxx_lambdas
    Feature record: CXX_FEATURE:1cxx_lambda_init_captures
    Feature record: CXX_FEATURE:1cxx_local_type_template_args
    Feature record: CXX_FEATURE:1cxx_long_long_type
    Feature record: CXX_FEATURE:1cxx_noexcept
    Feature record: CXX_FEATURE:1cxx_nonstatic_member_init
    Feature record: CXX_FEATURE:1cxx_nullptr
    Feature record: CXX_FEATURE:1cxx_override
    Feature record: CXX_FEATURE:1cxx_range_for
    Feature record: CXX_FEATURE:1cxx_raw_string_literals
    Feature record: CXX_FEATURE:1cxx_reference_qualified_functions
    Feature record: CXX_FEATURE:1cxx_relaxed_constexpr
    Feature record: CXX_FEATURE:1cxx_return_type_deduction
    Feature record: CXX_FEATURE:1cxx_right_angle_brackets
    Feature record: CXX_FEATURE:1cxx_rvalue_references
    Feature record: CXX_FEATURE:1cxx_sizeof_member
    Feature record: CXX_FEATURE:1cxx_static_assert
    Feature record: CXX_FEATURE:1cxx_strong_enums
    Feature record: CXX_FEATURE:1cxx_template_template_parameters
    Feature record: CXX_FEATURE:1cxx_thread_local
    Feature record: CXX_FEATURE:1cxx_trailing_return_types
    Feature record: CXX_FEATURE:1cxx_unicode_literals
    Feature record: CXX_FEATURE:1cxx_uniform_initialization
    Feature record: CXX_FEATURE:1cxx_unrestricted_unions
    Feature record: CXX_FEATURE:1cxx_user_literals
    Feature record: CXX_FEATURE:1cxx_variable_templates
    Feature record: CXX_FEATURE:1cxx_variadic_macros
    Feature record: CXX_FEATURE:1cxx_variadic_templates


Detecting CXX [-std=c++14] compiler features compiled with the following output:
Change Dir: /home/ame/cleanProject/automatic-farm/software/buildDir/CMakeFiles/CMakeTmp

Run Build Command:"/usr/bin/make" "cmTC_0a49c/fast"
/usr/bin/make -f CMakeFiles/cmTC_0a49c.dir/build.make CMakeFiles/cmTC_0a49c.dir/build
make[1]: Entering directory '/home/ame/cleanProject/automatic-farm/software/buildDir/CMakeFiles/CMakeTmp'
Building CXX object CMakeFiles/cmTC_0a49c.dir/feature_tests.cxx.obj
/home/ame/git_projects/automatic-farm/tools/avr8-gnu-toolchain-linux_x86_64/bin/avr-g++    -O3 -DNDEBUG   -std=c++14 -o CMakeFiles/cmTC_0a49c.dir/feature_tests.cxx.obj -c /home/ame/cleanProject/automatic-farm/software/buildDir/CMakeFiles/feature_tests.cxx
Linking CXX executable cmTC_0a49c
/usr/bin/cmake -E cmake_link_script CMakeFiles/cmTC_0a49c.dir/link.txt --verbose=1
/home/ame/git_projects/automatic-farm/tools/avr8-gnu-toolchain-linux_x86_64/bin/avr-g++    -O3 -DNDEBUG    CMakeFiles/cmTC_0a49c.dir/feature_tests.cxx.obj  -o cmTC_0a49c 
make[1]: Leaving directory '/home/ame/cleanProject/automatic-farm/software/buildDir/CMakeFiles/CMakeTmp'


    Feature record: CXX_FEATURE:1cxx_aggregate_default_initializers
    Feature record: CXX_FEATURE:1cxx_alias_templates
    Feature record: CXX_FEATURE:1cxx_alignas
    Feature record: CXX_FEATURE:1cxx_alignof
    Feature record: CXX_FEATURE:1cxx_attributes
    Feature record: CXX_FEATURE:1cxx_attribute_deprecated
    Feature record: CXX_FEATURE:1cxx_auto_type
    Feature record: CXX_FEATURE:1cxx_binary_literals
    Feature record: CXX_FEATURE:1cxx_constexpr
    Feature record: CXX_FEATURE:1cxx_contextual_conversions
    Feature record: CXX_FEATURE:1cxx_decltype
    Feature record: CXX_FEATURE:1cxx_decltype_auto
    Feature record: CXX_FEATURE:1cxx_decltype_incomplete_return_types
    Feature record: CXX_FEATURE:1cxx_default_function_template_args
    Feature record: CXX_FEATURE:1cxx_defaulted_functions
    Feature record: CXX_FEATURE:1cxx_defaulted_move_initializers
    Feature record: CXX_FEATURE:1cxx_delegating_constructors
    Feature record: CXX_FEATURE:1cxx_deleted_functions
    Feature record: CXX_FEATURE:1cxx_digit_separators
    Feature record: CXX_FEATURE:1cxx_enum_forward_declarations
    Feature record: CXX_FEATURE:1cxx_explicit_conversions
    Feature record: CXX_FEATURE:1cxx_extended_friend_declarations
    Feature record: CXX_FEATURE:1cxx_extern_templates
    Feature record: CXX_FEATURE:1cxx_final
    Feature record: CXX_FEATURE:1cxx_func_identifier
    Feature record: CXX_FEATURE:1cxx_generalized_initializers
    Feature record: CXX_FEATURE:1cxx_generic_lambdas
    Feature record: CXX_FEATURE:1cxx_inheriting_constructors
    Feature record: CXX_FEATURE:1cxx_inline_namespaces
    Feature record: CXX_FEATURE:1cxx_lambdas
    Feature record: CXX_FEATURE:1cxx_lambda_init_captures
    Feature record: CXX_FEATURE:1cxx_local_type_template_args
    Feature record: CXX_FEATURE:1cxx_long_long_type
    Feature record: CXX_FEATURE:1cxx_noexcept
    Feature record: CXX_FEATURE:1cxx_nonstatic_member_init
    Feature record: CXX_FEATURE:1cxx_nullptr
    Feature record: CXX_FEATURE:1cxx_override
    Feature record: CXX_FEATURE:1cxx_range_for
    Feature record: CXX_FEATURE:1cxx_raw_string_literals
    Feature record: CXX_FEATURE:1cxx_reference_qualified_functions
    Feature record: CXX_FEATURE:1cxx_relaxed_constexpr
    Feature record: CXX_FEATURE:1cxx_return_type_deduction
    Feature record: CXX_FEATURE:1cxx_right_angle_brackets
    Feature record: CXX_FEATURE:1cxx_rvalue_references
    Feature record: CXX_FEATURE:1cxx_sizeof_member
    Feature record: CXX_FEATURE:1cxx_static_assert
    Feature record: CXX_FEATURE:1cxx_strong_enums
    Feature record: CXX_FEATURE:1cxx_template_template_parameters
    Feature record: CXX_FEATURE:1cxx_thread_local
    Feature record: CXX_FEATURE:1cxx_trailing_return_types
    Feature record: CXX_FEATURE:1cxx_unicode_literals
    Feature record: CXX_FEATURE:1cxx_uniform_initialization
    Feature record: CXX_FEATURE:1cxx_unrestricted_unions
    Feature record: CXX_FEATURE:1cxx_user_literals
    Feature record: CXX_FEATURE:1cxx_variable_templates
    Feature record: CXX_FEATURE:1cxx_variadic_macros
    Feature record: CXX_FEATURE:1cxx_variadic_templates


Detecting CXX [-std=c++11] compiler features compiled with the following output:
Change Dir: /home/ame/cleanProject/automatic-farm/software/buildDir/CMakeFiles/CMakeTmp

Run Build Command:"/usr/bin/make" "cmTC_fa6cd/fast"
/usr/bin/make -f CMakeFiles/cmTC_fa6cd.dir/build.make CMakeFiles/cmTC_fa6cd.dir/build
make[1]: Entering directory '/home/ame/cleanProject/automatic-farm/software/buildDir/CMakeFiles/CMakeTmp'
Building CXX object CMakeFiles/cmTC_fa6cd.dir/feature_tests.cxx.obj
/home/ame/git_projects/automatic-farm/tools/avr8-gnu-toolchain-linux_x86_64/bin/avr-g++    -O3 -DNDEBUG   -std=c++11 -o CMakeFiles/cmTC_fa6cd.dir/feature_tests.cxx.obj -c /home/ame/cleanProject/automatic-farm/software/buildDir/CMakeFiles/feature_tests.cxx
Linking CXX executable cmTC_fa6cd
/usr/bin/cmake -E cmake_link_script CMakeFiles/cmTC_fa6cd.dir/link.txt --verbose=1
/home/ame/git_projects/automatic-farm/tools/avr8-gnu-toolchain-linux_x86_64/bin/avr-g++    -O3 -DNDEBUG    CMakeFiles/cmTC_fa6cd.dir/feature_tests.cxx.obj  -o cmTC_fa6cd 
make[1]: Leaving directory '/home/ame/cleanProject/automatic-farm/software/buildDir/CMakeFiles/CMakeTmp'


    Feature record: CXX_FEATURE:0cxx_aggregate_default_initializers
    Feature record: CXX_FEATURE:1cxx_alias_templates
    Feature record: CXX_FEATURE:1cxx_alignas
    Feature record: CXX_FEATURE:1cxx_alignof
    Feature record: CXX_FEATURE:1cxx_attributes
    Feature record: CXX_FEATURE:0cxx_attribute_deprecated
    Feature record: CXX_FEATURE:1cxx_auto_type
    Feature record: CXX_FEATURE:0cxx_binary_literals
    Feature record: CXX_FEATURE:1cxx_constexpr
    Feature record: CXX_FEATURE:0cxx_contextual_conversions
    Feature record: CXX_FEATURE:1cxx_decltype
    Feature record: CXX_FEATURE:0cxx_decltype_auto
    Feature record: CXX_FEATURE:1cxx_decltype_incomplete_return_types
    Feature record: CXX_FEATURE:1cxx_default_function_template_args
    Feature record: CXX_FEATURE:1cxx_defaulted_functions
    Feature record: CXX_FEATURE:1cxx_defaulted_move_initializers
    Feature record: CXX_FEATURE:1cxx_delegating_constructors
    Feature record: CXX_FEATURE:1cxx_deleted_functions
    Feature record: CXX_FEATURE:0cxx_digit_separators
    Feature record: CXX_FEATURE:1cxx_enum_forward_declarations
    Feature record: CXX_FEATURE:1cxx_explicit_conversions
    Feature record: CXX_FEATURE:1cxx_extended_friend_declarations
    Feature record: CXX_FEATURE:1cxx_extern_templates
    Feature record: CXX_FEATURE:1cxx_final
    Feature record: CXX_FEATURE:1cxx_func_identifier
    Feature record: CXX_FEATURE:1cxx_generalized_initializers
    Feature record: CXX_FEATURE:0cxx_generic_lambdas
    Feature record: CXX_FEATURE:1cxx_inheriting_constructors
    Feature record: CXX_FEATURE:1cxx_inline_namespaces
    Feature record: CXX_FEATURE:1cxx_lambdas
    Feature record: CXX_FEATURE:0cxx_lambda_init_captures
    Feature record: CXX_FEATURE:1cxx_local_type_template_args
    Feature record: CXX_FEATURE:1cxx_long_long_type
    Feature record: CXX_FEATURE:1cxx_noexcept
    Feature record: CXX_FEATURE:1cxx_nonstatic_member_init
    Feature record: CXX_FEATURE:1cxx_nullptr
    Feature record: CXX_FEATURE:1cxx_override
    Feature record: CXX_FEATURE:1cxx_range_for
    Feature record: CXX_FEATURE:1cxx_raw_string_literals
    Feature record: CXX_FEATURE:1cxx_reference_qualified_functions
    Feature record: CXX_FEATURE:0cxx_relaxed_constexpr
    Feature record: CXX_FEATURE:0cxx_return_type_deduction
    Feature record: CXX_FEATURE:1cxx_right_angle_brackets
    Feature record: CXX_FEATURE:1cxx_rvalue_references
    Feature record: CXX_FEATURE:1cxx_sizeof_member
    Feature record: CXX_FEATURE:1cxx_static_assert
    Feature record: CXX_FEATURE:1cxx_strong_enums
    Feature record: CXX_FEATURE:1cxx_template_template_parameters
    Feature record: CXX_FEATURE:1cxx_thread_local
    Feature record: CXX_FEATURE:1cxx_trailing_return_types
    Feature record: CXX_FEATURE:1cxx_unicode_literals
    Feature record: CXX_FEATURE:1cxx_uniform_initialization
    Feature record: CXX_FEATURE:1cxx_unrestricted_unions
    Feature record: CXX_FEATURE:1cxx_user_literals
    Feature record: CXX_FEATURE:0cxx_variable_templates
    Feature record: CXX_FEATURE:1cxx_variadic_macros
    Feature record: CXX_FEATURE:1cxx_variadic_templates


Detecting CXX [-std=c++98] compiler features compiled with the following output:
Change Dir: /home/ame/cleanProject/automatic-farm/software/buildDir/CMakeFiles/CMakeTmp

Run Build Command:"/usr/bin/make" "cmTC_86cb4/fast"
/usr/bin/make -f CMakeFiles/cmTC_86cb4.dir/build.make CMakeFiles/cmTC_86cb4.dir/build
make[1]: Entering directory '/home/ame/cleanProject/automatic-farm/software/buildDir/CMakeFiles/CMakeTmp'
Building CXX object CMakeFiles/cmTC_86cb4.dir/feature_tests.cxx.obj
/home/ame/git_projects/automatic-farm/tools/avr8-gnu-toolchain-linux_x86_64/bin/avr-g++    -O3 -DNDEBUG   -std=c++98 -o CMakeFiles/cmTC_86cb4.dir/feature_tests.cxx.obj -c /home/ame/cleanProject/automatic-farm/software/buildDir/CMakeFiles/feature_tests.cxx
Linking CXX executable cmTC_86cb4
/usr/bin/cmake -E cmake_link_script CMakeFiles/cmTC_86cb4.dir/link.txt --verbose=1
/home/ame/git_projects/automatic-farm/tools/avr8-gnu-toolchain-linux_x86_64/bin/avr-g++    -O3 -DNDEBUG    CMakeFiles/cmTC_86cb4.dir/feature_tests.cxx.obj  -o cmTC_86cb4 
make[1]: Leaving directory '/home/ame/cleanProject/automatic-farm/software/buildDir/CMakeFiles/CMakeTmp'


    Feature record: CXX_FEATURE:0cxx_aggregate_default_initializers
    Feature record: CXX_FEATURE:0cxx_alias_templates
    Feature record: CXX_FEATURE:0cxx_alignas
    Feature record: CXX_FEATURE:0cxx_alignof
    Feature record: CXX_FEATURE:0cxx_attributes
    Feature record: CXX_FEATURE:0cxx_attribute_deprecated
    Feature record: CXX_FEATURE:0cxx_auto_type
    Feature record: CXX_FEATURE:0cxx_binary_literals
    Feature record: CXX_FEATURE:0cxx_constexpr
    Feature record: CXX_FEATURE:0cxx_contextual_conversions
    Feature record: CXX_FEATURE:0cxx_decltype
    Feature record: CXX_FEATURE:0cxx_decltype_auto
    Feature record: CXX_FEATURE:0cxx_decltype_incomplete_return_types
    Feature record: CXX_FEATURE:0cxx_default_function_template_args
    Feature record: CXX_FEATURE:0cxx_defaulted_functions
    Feature record: CXX_FEATURE:0cxx_defaulted_move_initializers
    Feature record: CXX_FEATURE:0cxx_delegating_constructors
    Feature record: CXX_FEATURE:0cxx_deleted_functions
    Feature record: CXX_FEATURE:0cxx_digit_separators
    Feature record: CXX_FEATURE:0cxx_enum_forward_declarations
    Feature record: CXX_FEATURE:0cxx_explicit_conversions
    Feature record: CXX_FEATURE:0cxx_extended_friend_declarations
    Feature record: CXX_FEATURE:0cxx_extern_templates
    Feature record: CXX_FEATURE:0cxx_final
    Feature record: CXX_FEATURE:0cxx_func_identifier
    Feature record: CXX_FEATURE:0cxx_generalized_initializers
    Feature record: CXX_FEATURE:0cxx_generic_lambdas
    Feature record: CXX_FEATURE:0cxx_inheriting_constructors
    Feature record: CXX_FEATURE:0cxx_inline_namespaces
    Feature record: CXX_FEATURE:0cxx_lambdas
    Feature record: CXX_FEATURE:0cxx_lambda_init_captures
    Feature record: CXX_FEATURE:0cxx_local_type_template_args
    Feature record: CXX_FEATURE:0cxx_long_long_type
    Feature record: CXX_FEATURE:0cxx_noexcept
    Feature record: CXX_FEATURE:0cxx_nonstatic_member_init
    Feature record: CXX_FEATURE:0cxx_nullptr
    Feature record: CXX_FEATURE:0cxx_override
    Feature record: CXX_FEATURE:0cxx_range_for
    Feature record: CXX_FEATURE:0cxx_raw_string_literals
    Feature record: CXX_FEATURE:0cxx_reference_qualified_functions
    Feature record: CXX_FEATURE:0cxx_relaxed_constexpr
    Feature record: CXX_FEATURE:0cxx_return_type_deduction
    Feature record: CXX_FEATURE:0cxx_right_angle_brackets
    Feature record: CXX_FEATURE:0cxx_rvalue_references
    Feature record: CXX_FEATURE:0cxx_sizeof_member
    Feature record: CXX_FEATURE:0cxx_static_assert
    Feature record: CXX_FEATURE:0cxx_strong_enums
    Feature record: CXX_FEATURE:1cxx_template_template_parameters
    Feature record: CXX_FEATURE:0cxx_thread_local
    Feature record: CXX_FEATURE:0cxx_trailing_return_types
    Feature record: CXX_FEATURE:0cxx_unicode_literals
    Feature record: CXX_FEATURE:0cxx_uniform_initialization
    Feature record: CXX_FEATURE:0cxx_unrestricted_unions
    Feature record: CXX_FEATURE:0cxx_user_literals
    Feature record: CXX_FEATURE:0cxx_variable_templates
    Feature record: CXX_FEATURE:0cxx_variadic_macros
    Feature record: CXX_FEATURE:0cxx_variadic_templates
